\BOOKMARK [1][-]{Rfn.cffdrs.Rdash.package.1}{\376\377\000c\000f\000f\000d\000r\000s\000-\000p\000a\000c\000k\000a\000g\000e}{}% 1
\BOOKMARK [1][-]{Rfn.fbp.1}{\376\377\000f\000b\000p}{}% 2
\BOOKMARK [1][-]{Rfn.fbpRaster.1}{\376\377\000f\000b\000p\000R\000a\000s\000t\000e\000r}{}% 3
\BOOKMARK [1][-]{Rfn.fireSeason.1}{\376\377\000f\000i\000r\000e\000S\000e\000a\000s\000o\000n}{}% 4
\BOOKMARK [1][-]{Rfn.fwi.1}{\376\377\000f\000w\000i}{}% 5
\BOOKMARK [1][-]{Rfn.fwiRaster.1}{\376\377\000f\000w\000i\000R\000a\000s\000t\000e\000r}{}% 6
\BOOKMARK [1][-]{Rfn.gfmc.1}{\376\377\000g\000f\000m\000c}{}% 7
\BOOKMARK [1][-]{Rfn.gfmcRaster.1}{\376\377\000g\000f\000m\000c\000R\000a\000s\000t\000e\000r}{}% 8
\BOOKMARK [1][-]{Rfn.hffmc.1}{\376\377\000h\000f\000f\000m\000c}{}% 9
\BOOKMARK [1][-]{Rfn.hffmcRaster.1}{\376\377\000h\000f\000f\000m\000c\000R\000a\000s\000t\000e\000r}{}% 10
\BOOKMARK [1][-]{Rfn.lros.1}{\376\377\000l\000r\000o\000s}{}% 11
\BOOKMARK [1][-]{Rfn.pros.1}{\376\377\000p\000r\000o\000s}{}% 12
\BOOKMARK [1][-]{Rfn.sdmc.1}{\376\377\000s\000d\000m\000c}{}% 13
\BOOKMARK [1][-]{Rfn.test.Rul.fbp.1}{\376\377\000t\000e\000s\000t\000\137\000f\000b\000p}{}% 14
\BOOKMARK [1][-]{Rfn.test.Rul.fbpRaster.1}{\376\377\000t\000e\000s\000t\000\137\000f\000b\000p\000R\000a\000s\000t\000e\000r}{}% 15
\BOOKMARK [1][-]{Rfn.test.Rul.fwi.1}{\376\377\000t\000e\000s\000t\000\137\000f\000w\000i}{}% 16
\BOOKMARK [1][-]{Rfn.test.Rul.gfmc.1}{\376\377\000t\000e\000s\000t\000\137\000g\000f\000m\000c}{}% 17
\BOOKMARK [1][-]{Rfn.test.Rul.hffmc.1}{\376\377\000t\000e\000s\000t\000\137\000h\000f\000f\000m\000c}{}% 18
\BOOKMARK [1][-]{Rfn.test.Rul.lros.1}{\376\377\000t\000e\000s\000t\000\137\000l\000r\000o\000s}{}% 19
\BOOKMARK [1][-]{Rfn.test.Rul.pros.1}{\376\377\000t\000e\000s\000t\000\137\000p\000r\000o\000s}{}% 20
\BOOKMARK [1][-]{Rfn.test.Rul.rast.Rul.day01.1}{\376\377\000t\000e\000s\000t\000\137\000r\000a\000s\000t\000\137\000d\000a\000y\0000\0001}{}% 21
\BOOKMARK [1][-]{Rfn.test.Rul.rast.Rul.day02.1}{\376\377\000t\000e\000s\000t\000\137\000r\000a\000s\000t\000\137\000d\000a\000y\0000\0002}{}% 22
\BOOKMARK [1][-]{Rfn.test.Rul.rast.Rul.hour01.1}{\376\377\000t\000e\000s\000t\000\137\000r\000a\000s\000t\000\137\000h\000o\000u\000r\0000\0001}{}% 23
\BOOKMARK [1][-]{Rfn.test.Rul.rast.Rul.hour02.1}{\376\377\000t\000e\000s\000t\000\137\000r\000a\000s\000t\000\137\000h\000o\000u\000r\0000\0002}{}% 24
\BOOKMARK [1][-]{Rfn.test.Rul.sdmc.1}{\376\377\000t\000e\000s\000t\000\137\000s\000d\000m\000c}{}% 25
\BOOKMARK [1][-]{Rfn.test.Rul.wDC.1}{\376\377\000t\000e\000s\000t\000\137\000w\000D\000C}{}% 26
\BOOKMARK [1][-]{Rfn.test.Rul.wDC.Rul.fs.1}{\376\377\000t\000e\000s\000t\000\137\000w\000D\000C\000\137\000f\000s}{}% 27
\BOOKMARK [1][-]{Rfn.wDC.1}{\376\377\000w\000D\000C}{}% 28
\BOOKMARK [0][-]{index.0}{\376\377\000I\000n\000d\000e\000x}{}% 29
